<?xml version="1.0" encoding="UTF-8"?>
<!-- Generated by org.testng.reporters.JUnitReportReporter -->
<testsuite hostname="LAPTOP-5ONM4F1J" failures="0" tests="2" name="rough.TestParamtersFromXML" time="0.062" errors="0" timestamp="14 Jan 2025 06:50:15 GMT" skipped="0">
  <testcase classname="rough.TestParamtersFromXML" name="getBrowser" time="0.002"/>
  <testcase classname="rough.TestParamtersFromXML" name="getBrowser" time="0.060"/>
</testsuite> <!-- rough.TestParamtersFromXML -->
