<?xml version="1.0" encoding="UTF-8"?>
<!-- Generated by org.testng.reporters.JUnitReportReporter -->
<testsuite hostname="LAPTOP-5ONM4F1J" failures="0" tests="5" name="testcases.FindNewCarsTest" time="23.321" errors="0" timestamp="25 Dec 2024 12:37:13 GMT" skipped="0">
  <testcase classname="testcases.FindNewCarsTest" name="findNewCars" time="5.284"/>
  <testcase classname="testcases.FindNewCarsTest" name="findNewCars" time="5.007"/>
  <testcase classname="testcases.FindNewCarsTest" name="findNewCars" time="4.492"/>
  <testcase classname="testcases.FindNewCarsTest" name="findNewCars" time="3.764"/>
  <testcase classname="testcases.FindNewCarsTest" name="findNewCars" time="4.774"/>
</testsuite> <!-- testcases.FindNewCarsTest -->
