<?xml version="1.0" encoding="UTF-8"?>
<!-- Generated by org.testng.reporters.JUnitReportReporter -->
<testsuite hostname="LAPTOP-5ONM4F1J" failures="0" tests="1" name="testNGlearning.testCase2" time="0.005" errors="0" timestamp="2024-12-13T14:52:42 IST" skipped="0">
  <testcase classname="testNGlearning.testCase2" name="validateTitles" time="0.005"/>
  <system-out/>
</testsuite> <!-- testNGlearning.testCase2 -->
