<?xml version="1.0" encoding="UTF-8"?>
<!-- Generated by org.testng.reporters.JUnitReportReporter -->
<testsuite hostname="LAPTOP-5ONM4F1J" failures="0" tests="5" name="testcases.CarNamesAndCarPricesTest" time="244.727" errors="0" timestamp="25 Dec 2024 12:37:13 GMT" skipped="0">
  <testcase classname="testcases.CarNamesAndCarPricesTest" name="carNamesAndCarPricesTest" time="5.046"/>
  <testcase classname="testcases.CarNamesAndCarPricesTest" name="carNamesAndCarPricesTest" time="6.026"/>
  <testcase classname="testcases.CarNamesAndCarPricesTest" name="carNamesAndCarPricesTest" time="222.273"/>
  <testcase classname="testcases.CarNamesAndCarPricesTest" name="carNamesAndCarPricesTest" time="4.132"/>
  <testcase classname="testcases.CarNamesAndCarPricesTest" name="carNamesAndCarPricesTest" time="7.250"/>
</testsuite> <!-- testcases.CarNamesAndCarPricesTest -->
