<?xml version="1.0" encoding="UTF-8"?>
<!-- Generated by org.testng.reporters.JUnitReportReporter -->
<testsuite hostname="LAPTOP-5ONM4F1J" failures="0" tests="2" name="parallelTest.TestBrowser" time="4.199" errors="0" timestamp="14 Jan 2025 07:22:27 GMT" skipped="0">
  <testcase classname="parallelTest.TestBrowser" name="doLogin" time="2.099"/>
  <testcase classname="parallelTest.TestBrowser" name="doLogin" time="2.100"/>
</testsuite> <!-- parallelTest.TestBrowser -->
