<?xml version="1.0" encoding="UTF-8"?>
<!-- Generated by org.testng.reporters.JUnitReportReporter -->
<testsuite hostname="LAPTOP-5ONM4F1J" failures="0" tests="2" name="testNGlearning.testCase1" time="0.009" errors="0" timestamp="2024-12-13T14:52:42 IST" skipped="0">
  <testcase classname="testNGlearning.testCase1" name="userReg" time="0.007"/>
  <system-out/>
  <testcase classname="testNGlearning.testCase1" name="doLogin" time="0.002"/>
  <system-out/>
</testsuite> <!-- testNGlearning.testCase1 -->
