<?xml version="1.0" encoding="UTF-8"?>
<!-- Generated by org.testng.reporters.JUnitReportReporter -->
<testsuite hostname="LAPTOP-5ONM4F1J" failures="0" tests="2" name="rough.TestCase01" time="0.010" errors="0" timestamp="09 Jan 2025 07:43:44 GMT" skipped="0">
  <testcase classname="rough.TestCase01" name="loginTest" time="0.001"/>
  <testcase classname="rough.TestCase01" name="regTest" time="0.009"/>
</testsuite> <!-- rough.TestCase01 -->
